{"C:\\Users\\laran\\OneDrive\\Documentos\\IFF - FACUL\\8PERIODO\\topicos_avancados_II\\src\\romanos.js": {"path":"C:\\Users\\laran\\OneDrive\\Documentos\\IFF - FACUL\\8PERIODO\\topicos_avancados_II\\src\\romanos.js","all":false,"statementMap":{"0":{"start":{"line":1,"column":0},"end":{"line":1,"column":13}},"1":{"start":{"line":2,"column":0},"end":{"line":2,"column":62}},"2":{"start":{"line":3,"column":0},"end":{"line":3,"column":25}},"3":{"start":{"line":4,"column":0},"end":{"line":4,"column":15}},"4":{"start":{"line":5,"column":0},"end":{"line":5,"column":19}},"5":{"start":{"line":6,"column":0},"end":{"line":6,"column":41}},"6":{"start":{"line":7,"column":0},"end":{"line":7,"column":54}},"7":{"start":{"line":8,"column":0},"end":{"line":8,"column":69}},"8":{"start":{"line":9,"column":0},"end":{"line":9,"column":24}},"9":{"start":{"line":10,"column":0},"end":{"line":10,"column":5}},"10":{"start":{"line":11,"column":0},"end":{"line":11,"column":16}},"11":{"start":{"line":12,"column":0},"end":{"line":12,"column":41}},"12":{"start":{"line":13,"column":0},"end":{"line":13,"column":41}},"13":{"start":{"line":14,"column":0},"end":{"line":14,"column":42}},"14":{"start":{"line":15,"column":0},"end":{"line":15,"column":42}},"15":{"start":{"line":16,"column":0},"end":{"line":16,"column":43}},"16":{"start":{"line":17,"column":0},"end":{"line":17,"column":43}},"17":{"start":{"line":18,"column":0},"end":{"line":18,"column":44}},"18":{"start":{"line":19,"column":0},"end":{"line":19,"column":5}},"19":{"start":{"line":20,"column":0},"end":{"line":20,"column":19}},"20":{"start":{"line":21,"column":0},"end":{"line":21,"column":23}},"21":{"start":{"line":22,"column":0},"end":{"line":22,"column":29}},"22":{"start":{"line":23,"column":0},"end":{"line":23,"column":41}},"23":{"start":{"line":24,"column":0},"end":{"line":24,"column":128}},"24":{"start":{"line":25,"column":0},"end":{"line":25,"column":101}},"25":{"start":{"line":26,"column":0},"end":{"line":26,"column":34}},"26":{"start":{"line":27,"column":0},"end":{"line":27,"column":25}},"27":{"start":{"line":28,"column":0},"end":{"line":28,"column":13}},"28":{"start":{"line":29,"column":0},"end":{"line":29,"column":24}},"29":{"start":{"line":30,"column":0},"end":{"line":30,"column":71}},"30":{"start":{"line":31,"column":0},"end":{"line":31,"column":27}},"31":{"start":{"line":32,"column":0},"end":{"line":32,"column":9}},"32":{"start":{"line":33,"column":0},"end":{"line":33,"column":22}},"33":{"start":{"line":34,"column":0},"end":{"line":34,"column":5}},"34":{"start":{"line":35,"column":0},"end":{"line":35,"column":39}},"35":{"start":{"line":36,"column":0},"end":{"line":36,"column":38}},"36":{"start":{"line":37,"column":0},"end":{"line":37,"column":25}},"37":{"start":{"line":38,"column":0},"end":{"line":38,"column":9}},"38":{"start":{"line":39,"column":0},"end":{"line":39,"column":115}},"39":{"start":{"line":40,"column":0},"end":{"line":40,"column":24}},"40":{"start":{"line":41,"column":0},"end":{"line":41,"column":93}},"41":{"start":{"line":42,"column":0},"end":{"line":42,"column":29}},"42":{"start":{"line":43,"column":0},"end":{"line":43,"column":13}},"43":{"start":{"line":44,"column":0},"end":{"line":44,"column":24}},"44":{"start":{"line":45,"column":0},"end":{"line":45,"column":9}},"45":{"start":{"line":46,"column":0},"end":{"line":46,"column":66}},"46":{"start":{"line":47,"column":0},"end":{"line":47,"column":25}},"47":{"start":{"line":48,"column":0},"end":{"line":48,"column":9}},"48":{"start":{"line":49,"column":0},"end":{"line":49,"column":65}},"49":{"start":{"line":50,"column":0},"end":{"line":50,"column":25}},"50":{"start":{"line":51,"column":0},"end":{"line":51,"column":9}},"51":{"start":{"line":52,"column":0},"end":{"line":52,"column":20}},"52":{"start":{"line":53,"column":0},"end":{"line":53,"column":5}},"53":{"start":{"line":54,"column":0},"end":{"line":54,"column":46}},"54":{"start":{"line":55,"column":0},"end":{"line":55,"column":20}},"55":{"start":{"line":56,"column":0},"end":{"line":56,"column":90}},"56":{"start":{"line":57,"column":0},"end":{"line":57,"column":5}},"57":{"start":{"line":58,"column":0},"end":{"line":58,"column":1}},"58":{"start":{"line":59,"column":0},"end":{"line":59,"column":26}}},"s":{"0":2,"1":2,"2":2,"3":2,"4":2,"5":2,"6":2,"7":2,"8":2,"9":2,"10":2,"11":2,"12":2,"13":2,"14":2,"15":2,"16":2,"17":2,"18":2,"19":2,"20":6,"21":6,"22":6,"23":10,"24":0,"25":0,"26":0,"27":0,"28":10,"29":10,"30":10,"31":10,"32":6,"33":6,"34":2,"35":4,"36":2,"37":2,"38":4,"39":2,"40":2,"41":2,"42":2,"43":0,"44":0,"45":0,"46":0,"47":0,"48":0,"49":0,"50":0,"51":0,"52":4,"53":2,"54":0,"55":0,"56":0,"57":2,"58":2},"branchMap":{"0":{"type":"branch","line":1,"loc":{"start":{"line":1,"column":0},"end":{"line":59,"column":26}},"locations":[{"start":{"line":1,"column":0},"end":{"line":59,"column":26}}]},"1":{"type":"branch","line":1,"loc":{"start":{"line":1,"column":0},"end":{"line":59,"column":26}},"locations":[{"start":{"line":1,"column":0},"end":{"line":59,"column":26}}]},"2":{"type":"branch","line":5,"loc":{"start":{"line":5,"column":4},"end":{"line":10,"column":5}},"locations":[{"start":{"line":5,"column":4},"end":{"line":10,"column":5}}]},"3":{"type":"branch","line":11,"loc":{"start":{"line":11,"column":4},"end":{"line":19,"column":5}},"locations":[{"start":{"line":11,"column":4},"end":{"line":19,"column":5}}]},"4":{"type":"branch","line":20,"loc":{"start":{"line":20,"column":4},"end":{"line":34,"column":5}},"locations":[{"start":{"line":20,"column":4},"end":{"line":34,"column":5}}]},"5":{"type":"branch","line":23,"loc":{"start":{"line":23,"column":40},"end":{"line":32,"column":9}},"locations":[{"start":{"line":23,"column":40},"end":{"line":32,"column":9}}]},"6":{"type":"branch","line":24,"loc":{"start":{"line":24,"column":55},"end":{"line":24,"column":125}},"locations":[{"start":{"line":24,"column":55},"end":{"line":24,"column":125}}]},"7":{"type":"branch","line":24,"loc":{"start":{"line":24,"column":127},"end":{"line":28,"column":13}},"locations":[{"start":{"line":24,"column":127},"end":{"line":28,"column":13}}]},"8":{"type":"branch","line":35,"loc":{"start":{"line":35,"column":4},"end":{"line":53,"column":5}},"locations":[{"start":{"line":35,"column":4},"end":{"line":53,"column":5}}]},"9":{"type":"branch","line":36,"loc":{"start":{"line":36,"column":37},"end":{"line":39,"column":112}},"locations":[{"start":{"line":36,"column":37},"end":{"line":39,"column":112}}]},"10":{"type":"branch","line":39,"loc":{"start":{"line":39,"column":114},"end":{"line":45,"column":9}},"locations":[{"start":{"line":39,"column":114},"end":{"line":45,"column":9}}]},"11":{"type":"branch","line":44,"loc":{"start":{"line":44,"column":-2},"end":{"line":45,"column":9}},"locations":[{"start":{"line":44,"column":-2},"end":{"line":45,"column":9}}]},"12":{"type":"branch","line":46,"loc":{"start":{"line":46,"column":-2},"end":{"line":53,"column":4}},"locations":[{"start":{"line":46,"column":-2},"end":{"line":53,"column":4}}]}},"b":{"0":[2],"1":[2],"2":[2],"3":[2],"4":[6],"5":[10],"6":[4],"7":[0],"8":[4],"9":[2],"10":[2],"11":[0],"12":[0]},"fnMap":{"0":{"name":"Object.<anonymous>","decl":{"start":{"line":1,"column":0},"end":{"line":59,"column":26}},"loc":{"start":{"line":1,"column":0},"end":{"line":59,"column":26}},"line":1},"1":{"name":"Romanos","decl":{"start":{"line":5,"column":4},"end":{"line":10,"column":5}},"loc":{"start":{"line":5,"column":4},"end":{"line":10,"column":5}},"line":5},"2":{"name":"initDict","decl":{"start":{"line":11,"column":4},"end":{"line":19,"column":5}},"loc":{"start":{"line":11,"column":4},"end":{"line":19,"column":5}},"line":11},"3":{"name":"romanToInt","decl":{"start":{"line":20,"column":4},"end":{"line":34,"column":5}},"loc":{"start":{"line":20,"column":4},"end":{"line":34,"column":5}},"line":20},"4":{"name":"verifyNext","decl":{"start":{"line":35,"column":4},"end":{"line":53,"column":5}},"loc":{"start":{"line":35,"column":4},"end":{"line":53,"column":5}},"line":35},"5":{"name":"getModifiedNumber","decl":{"start":{"line":54,"column":4},"end":{"line":57,"column":5}},"loc":{"start":{"line":54,"column":4},"end":{"line":57,"column":5}},"line":54}},"f":{"0":2,"1":2,"2":2,"3":6,"4":4,"5":0}}
}
