TN:
SF:src\romanos.js
FN:1,Object.<anonymous>
FN:5,Romanos
FN:11,initDict
FN:20,romanToInt
FN:35,verifyNext
FN:54,getModifiedNumber
FNF:6
FNH:6
FNDA:2,Object.<anonymous>
FNDA:2,Romanos
FNDA:2,initDict
FNDA:16,romanToInt
FNDA:54,verifyNext
FNDA:8,getModifiedNumber
DA:1,2
DA:2,2
DA:3,2
DA:4,2
DA:5,2
DA:6,2
DA:7,2
DA:8,2
DA:9,2
DA:10,2
DA:11,2
DA:12,2
DA:13,2
DA:14,2
DA:15,2
DA:16,2
DA:17,2
DA:18,2
DA:19,2
DA:20,2
DA:21,16
DA:22,16
DA:23,16
DA:24,66
DA:25,8
DA:26,8
DA:27,8
DA:28,8
DA:29,58
DA:30,58
DA:31,58
DA:32,58
DA:33,16
DA:34,16
DA:35,2
DA:36,54
DA:37,20
DA:38,20
DA:39,54
DA:40,16
DA:41,16
DA:42,12
DA:43,12
DA:44,4
DA:45,4
DA:46,54
DA:47,14
DA:48,14
DA:49,54
DA:50,0
DA:51,0
DA:52,4
DA:53,54
DA:54,2
DA:55,8
DA:56,8
DA:57,8
DA:58,2
DA:59,2
LF:59
LH:57
BRDA:1,0,0,2
BRDA:1,1,0,2
BRDA:5,2,0,2
BRDA:11,3,0,2
BRDA:20,4,0,16
BRDA:23,5,0,66
BRDA:24,6,0,54
BRDA:24,7,0,8
BRDA:29,8,0,58
BRDA:35,9,0,54
BRDA:36,10,0,20
BRDA:39,11,0,34
BRDA:39,12,0,20
BRDA:39,13,0,16
BRDA:41,14,0,12
BRDA:44,15,0,4
BRDA:46,16,0,18
BRDA:46,17,0,14
BRDA:49,18,0,4
BRDA:49,19,0,0
BRDA:52,20,0,4
BRDA:54,21,0,8
BRF:22
BRH:21
end_of_record
