TN:
SF:src\romanos.js
FN:1,Object.<anonymous>
FN:5,Romanos
FN:11,initDict
FN:20,romanToInt
FN:35,verifyNext
FN:54,getModifiedNumber
FNF:6
FNH:5
FNDA:2,Object.<anonymous>
FNDA:2,Romanos
FNDA:2,initDict
FNDA:6,romanToInt
FNDA:4,verifyNext
FNDA:0,getModifiedNumber
DA:1,2
DA:2,2
DA:3,2
DA:4,2
DA:5,2
DA:6,2
DA:7,2
DA:8,2
DA:9,2
DA:10,2
DA:11,2
DA:12,2
DA:13,2
DA:14,2
DA:15,2
DA:16,2
DA:17,2
DA:18,2
DA:19,2
DA:20,2
DA:21,6
DA:22,6
DA:23,6
DA:24,10
DA:25,0
DA:26,0
DA:27,0
DA:28,0
DA:29,10
DA:30,10
DA:31,10
DA:32,10
DA:33,6
DA:34,6
DA:35,2
DA:36,4
DA:37,2
DA:38,2
DA:39,4
DA:40,2
DA:41,2
DA:42,2
DA:43,2
DA:44,0
DA:45,0
DA:46,0
DA:47,0
DA:48,0
DA:49,0
DA:50,0
DA:51,0
DA:52,0
DA:53,4
DA:54,2
DA:55,0
DA:56,0
DA:57,0
DA:58,2
DA:59,2
LF:59
LH:43
BRDA:1,0,0,2
BRDA:1,1,0,2
BRDA:5,2,0,2
BRDA:11,3,0,2
BRDA:20,4,0,6
BRDA:23,5,0,10
BRDA:24,6,0,4
BRDA:24,7,0,0
BRDA:35,8,0,4
BRDA:36,9,0,2
BRDA:39,10,0,2
BRDA:44,11,0,0
BRDA:46,12,0,0
BRF:13
BRH:10
end_of_record
